{"/Users/mk2/git/fengmk2.github.com/blog/2015/cluster-coverage/master.js":{"path":"/Users/mk2/git/fengmk2.github.com/blog/2015/cluster-coverage/master.js","s":{"1":1,"2":1,"3":1,"4":1,"5":1,"6":0,"7":1,"8":1},"b":{"1":[1,0]},"f":{},"fnMap":{},"statementMap":{"1":{"start":{"line":17,"column":0},"end":{"line":17,"column":35}},"2":{"start":{"line":18,"column":0},"end":{"line":18,"column":29}},"3":{"start":{"line":20,"column":0},"end":{"line":20,"column":53}},"4":{"start":{"line":23,"column":0},"end":{"line":42,"column":1}},"5":{"start":{"line":27,"column":2},"end":{"line":37,"column":5}},"6":{"start":{"line":39,"column":2},"end":{"line":41,"column":5}},"7":{"start":{"line":45,"column":0},"end":{"line":45,"column":15}},"8":{"start":{"line":46,"column":0},"end":{"line":46,"column":15}}},"branchMap":{"1":{"line":23,"type":"if","locations":[{"start":{"line":23,"column":0},"end":{"line":23,"column":0}},{"start":{"line":23,"column":0},"end":{"line":23,"column":0}}]}}},"/Users/mk2/git/fengmk2.github.com/blog/2015/cluster-coverage/worker.js":{"path":"/Users/mk2/git/fengmk2.github.com/blog/2015/cluster-coverage/worker.js","s":{"1":0,"2":0,"3":0,"4":0,"5":0,"6":0,"7":0,"8":0,"9":0},"b":{"1":[0,0]},"f":{"1":0},"fnMap":{"1":{"name":"(anonymous_1)","line":21,"loc":{"start":{"line":21,"column":8},"end":{"line":21,"column":21}}}},"statementMap":{"1":{"start":{"line":17,"column":0},"end":{"line":17,"column":27}},"2":{"start":{"line":19,"column":0},"end":{"line":19,"column":18}},"3":{"start":{"line":21,"column":0},"end":{"line":32,"column":3}},"4":{"start":{"line":22,"column":2},"end":{"line":26,"column":3}},"5":{"start":{"line":23,"column":4},"end":{"line":25,"column":6}},"6":{"start":{"line":28,"column":2},"end":{"line":28,"column":20}},"7":{"start":{"line":29,"column":2},"end":{"line":31,"column":4}},"8":{"start":{"line":34,"column":0},"end":{"line":34,"column":17}},"9":{"start":{"line":35,"column":0},"end":{"line":35,"column":57}}},"branchMap":{"1":{"line":22,"type":"if","locations":[{"start":{"line":22,"column":2},"end":{"line":22,"column":2}},{"start":{"line":22,"column":2},"end":{"line":22,"column":2}}]}}}}