TN:
SF:/Users/mk2/git/fengmk2.github.com/blog/2015/cluster-coverage/monitor.js
FN:19,(anonymous_1)
FNF:1
FNH:1
FNDA:1,(anonymous_1)
DA:17,1
DA:19,1
DA:20,1
DA:21,1
LF:4
LH:4
BRF:0
BRH:0
end_of_record
TN:
SF:/Users/mk2/git/fengmk2.github.com/blog/2015/cluster-coverage/master.js
FN:70,(anonymous_1)
FNF:1
FNH:1
FNDA:1,(anonymous_1)
DA:17,1
DA:18,1
DA:19,1
DA:21,1
DA:22,1
DA:23,1
DA:26,1
DA:30,1
DA:42,1
DA:54,0
DA:58,0
DA:69,1
DA:70,1
DA:71,1
DA:75,1
DA:76,1
DA:78,1
LF:17
LH:15
BRDA:26,1,0,1
BRDA:26,1,1,0
BRF:2
BRH:1
end_of_record
TN:
SF:/Users/mk2/git/fengmk2.github.com/blog/2015/cluster-coverage/worker.js
FN:21,(anonymous_1)
FNF:1
FNH:1
FNDA:2,(anonymous_1)
DA:17,2
DA:19,2
DA:21,2
DA:22,2
DA:23,1
DA:28,1
DA:29,1
DA:34,2
DA:35,2
LF:9
LH:9
BRDA:22,1,0,1
BRDA:22,1,1,1
BRF:2
BRH:2
end_of_record
