{"/Users/mk2/git/fengmk2.github.com/blog/2015/cluster-coverage/master.js":{"path":"/Users/mk2/git/fengmk2.github.com/blog/2015/cluster-coverage/master.js","s":{"1":1,"2":1,"3":1,"4":1,"5":1,"6":1,"7":1,"8":1,"9":1,"10":0,"11":0,"12":1,"13":1,"14":1,"15":1,"16":1,"17":1},"b":{"1":[1,0]},"f":{"1":1},"fnMap":{"1":{"name":"(anonymous_1)","line":70,"loc":{"start":{"line":70,"column":22},"end":{"line":70,"column":37}}}},"statementMap":{"1":{"start":{"line":17,"column":0},"end":{"line":17,"column":35}},"2":{"start":{"line":18,"column":0},"end":{"line":18,"column":29}},"3":{"start":{"line":19,"column":0},"end":{"line":19,"column":46}},"4":{"start":{"line":21,"column":0},"end":{"line":21,"column":53}},"5":{"start":{"line":22,"column":0},"end":{"line":22,"column":55}},"6":{"start":{"line":23,"column":0},"end":{"line":23,"column":12}},"7":{"start":{"line":26,"column":0},"end":{"line":67,"column":1}},"8":{"start":{"line":30,"column":2},"end":{"line":40,"column":5}},"9":{"start":{"line":42,"column":2},"end":{"line":51,"column":5}},"10":{"start":{"line":54,"column":2},"end":{"line":56,"column":5}},"11":{"start":{"line":58,"column":2},"end":{"line":66,"column":5}},"12":{"start":{"line":69,"column":0},"end":{"line":69,"column":58}},"13":{"start":{"line":70,"column":0},"end":{"line":72,"column":3}},"14":{"start":{"line":71,"column":2},"end":{"line":71,"column":46}},"15":{"start":{"line":75,"column":0},"end":{"line":75,"column":15}},"16":{"start":{"line":76,"column":0},"end":{"line":76,"column":15}},"17":{"start":{"line":78,"column":0},"end":{"line":78,"column":26}}},"branchMap":{"1":{"line":26,"type":"if","locations":[{"start":{"line":26,"column":0},"end":{"line":26,"column":0}},{"start":{"line":26,"column":0},"end":{"line":26,"column":0}}]}}},"/Users/mk2/git/fengmk2.github.com/blog/2015/cluster-coverage/monitor.js":{"path":"/Users/mk2/git/fengmk2.github.com/blog/2015/cluster-coverage/monitor.js","s":{"1":0,"2":0,"3":0,"4":0},"b":{},"f":{"1":0},"fnMap":{"1":{"name":"(anonymous_1)","line":19,"loc":{"start":{"line":19,"column":22},"end":{"line":19,"column":37}}}},"statementMap":{"1":{"start":{"line":17,"column":0},"end":{"line":18,"column":65}},"2":{"start":{"line":19,"column":0},"end":{"line":26,"column":3}},"3":{"start":{"line":20,"column":2},"end":{"line":20,"column":60}},"4":{"start":{"line":21,"column":2},"end":{"line":25,"column":5}}},"branchMap":{}},"/Users/mk2/git/fengmk2.github.com/blog/2015/cluster-coverage/worker.js":{"path":"/Users/mk2/git/fengmk2.github.com/blog/2015/cluster-coverage/worker.js","s":{"1":0,"2":0,"3":0,"4":0,"5":0,"6":0,"7":0,"8":0,"9":0},"b":{"1":[0,0]},"f":{"1":0},"fnMap":{"1":{"name":"(anonymous_1)","line":21,"loc":{"start":{"line":21,"column":8},"end":{"line":21,"column":21}}}},"statementMap":{"1":{"start":{"line":17,"column":0},"end":{"line":17,"column":27}},"2":{"start":{"line":19,"column":0},"end":{"line":19,"column":18}},"3":{"start":{"line":21,"column":0},"end":{"line":32,"column":3}},"4":{"start":{"line":22,"column":2},"end":{"line":26,"column":3}},"5":{"start":{"line":23,"column":4},"end":{"line":25,"column":6}},"6":{"start":{"line":28,"column":2},"end":{"line":28,"column":20}},"7":{"start":{"line":29,"column":2},"end":{"line":31,"column":4}},"8":{"start":{"line":34,"column":0},"end":{"line":34,"column":17}},"9":{"start":{"line":35,"column":0},"end":{"line":36,"column":51}}},"branchMap":{"1":{"line":22,"type":"if","locations":[{"start":{"line":22,"column":2},"end":{"line":22,"column":2}},{"start":{"line":22,"column":2},"end":{"line":22,"column":2}}]}}}}